<?xml version="1.0" encoding="UTF-8"?>
<coverage generated="1692028069657" clover="3.2.0">
  <project timestamp="1692028069657" name="All files">
    <metrics statements="18" coveredstatements="18" conditionals="6" coveredconditionals="5" methods="8" coveredmethods="8" elements="32" coveredelements="31" complexity="0" loc="18" ncloc="18" packages="1" files="1" classes="1"/>
    <file name="graph.js" path="C:\Users\ZackC\OneDrive\Desktop\Epicodus-projects\BuildingGraphs\src\graph.js">
      <metrics statements="18" coveredstatements="18" conditionals="6" coveredconditionals="5" methods="8" coveredmethods="8"/>
      <line num="3" count="9" type="stmt"/>
      <line num="8" count="11" type="stmt"/>
      <line num="12" count="3" type="cond" truecount="2" falsecount="0"/>
      <line num="13" count="1" type="stmt"/>
      <line num="15" count="2" type="stmt"/>
      <line num="19" count="4" type="stmt"/>
      <line num="20" count="4" type="stmt"/>
      <line num="21" count="4" type="stmt"/>
      <line num="22" count="4" type="stmt"/>
      <line num="26" count="5" type="cond" truecount="2" falsecount="0"/>
      <line num="27" count="1" type="stmt"/>
      <line num="29" count="4" type="stmt"/>
      <line num="33" count="1" type="stmt"/>
      <line num="34" count="1" type="stmt"/>
      <line num="39" count="1" type="cond" truecount="1" falsecount="1"/>
      <line num="40" count="1" type="stmt"/>
      <line num="41" count="2" type="stmt"/>
      <line num="43" count="1" type="stmt"/>
    </file>
  </project>
</coverage>
