<?xml version="1.0" encoding="UTF-8"?>
<coverage generated="1691782266498" clover="3.2.0">
  <project timestamp="1691782266498" name="All files">
    <metrics statements="12" coveredstatements="12" conditionals="4" coveredconditionals="4" methods="5" coveredmethods="5" elements="21" coveredelements="21" complexity="0" loc="12" ncloc="12" packages="1" files="1" classes="1"/>
    <file name="graph.js" path="C:\Users\ZackC\OneDrive\Desktop\Epicodus-projects\BuildingGraphs\src\graph.js">
      <metrics statements="12" coveredstatements="12" conditionals="4" coveredconditionals="4" methods="5" coveredmethods="5"/>
      <line num="3" count="8" type="stmt"/>
      <line num="8" count="8" type="stmt"/>
      <line num="12" count="2" type="cond" truecount="2" falsecount="0"/>
      <line num="13" count="1" type="stmt"/>
      <line num="15" count="1" type="stmt"/>
      <line num="19" count="2" type="stmt"/>
      <line num="20" count="2" type="stmt"/>
      <line num="21" count="2" type="stmt"/>
      <line num="22" count="2" type="stmt"/>
      <line num="26" count="2" type="cond" truecount="2" falsecount="0"/>
      <line num="27" count="1" type="stmt"/>
      <line num="29" count="1" type="stmt"/>
    </file>
  </project>
</coverage>
