{"C:\\Users\\ZackC\\OneDrive\\Desktop\\Epicodus-projects\\BuildingGraphs\\src\\graph.js": {"path":"C:\\Users\\ZackC\\OneDrive\\Desktop\\Epicodus-projects\\BuildingGraphs\\src\\graph.js","statementMap":{"0":{"start":{"line":3,"column":4},"end":{"line":3,"column":35}},"1":{"start":{"line":8,"column":4},"end":{"line":8,"column":44}},"2":{"start":{"line":12,"column":4},"end":{"line":14,"column":5}},"3":{"start":{"line":13,"column":6},"end":{"line":13,"column":18}},"4":{"start":{"line":15,"column":4},"end":{"line":15,"column":17}},"5":{"start":{"line":19,"column":15},"end":{"line":19,"column":44}},"6":{"start":{"line":20,"column":15},"end":{"line":20,"column":44}},"7":{"start":{"line":21,"column":4},"end":{"line":21,"column":20}},"8":{"start":{"line":22,"column":4},"end":{"line":22,"column":20}},"9":{"start":{"line":26,"column":4},"end":{"line":28,"column":5}},"10":{"start":{"line":27,"column":6},"end":{"line":27,"column":18}},"11":{"start":{"line":29,"column":4},"end":{"line":29,"column":17}}},"fnMap":{"0":{"name":"(anonymous_0)","decl":{"start":{"line":2,"column":2},"end":{"line":2,"column":3}},"loc":{"start":{"line":2,"column":16},"end":{"line":4,"column":3}},"line":2},"1":{"name":"(anonymous_1)","decl":{"start":{"line":6,"column":2},"end":{"line":6,"column":3}},"loc":{"start":{"line":6,"column":16},"end":{"line":9,"column":3}},"line":6},"2":{"name":"(anonymous_2)","decl":{"start":{"line":11,"column":2},"end":{"line":11,"column":3}},"loc":{"start":{"line":11,"column":16},"end":{"line":16,"column":3}},"line":11},"3":{"name":"(anonymous_3)","decl":{"start":{"line":18,"column":2},"end":{"line":18,"column":3}},"loc":{"start":{"line":18,"column":27},"end":{"line":23,"column":3}},"line":18},"4":{"name":"(anonymous_4)","decl":{"start":{"line":25,"column":2},"end":{"line":25,"column":3}},"loc":{"start":{"line":25,"column":24},"end":{"line":30,"column":3}},"line":25}},"branchMap":{"0":{"loc":{"start":{"line":12,"column":4},"end":{"line":14,"column":5}},"type":"if","locations":[{"start":{"line":12,"column":4},"end":{"line":14,"column":5}},{"start":{"line":12,"column":4},"end":{"line":14,"column":5}}],"line":12},"1":{"loc":{"start":{"line":26,"column":4},"end":{"line":28,"column":5}},"type":"if","locations":[{"start":{"line":26,"column":4},"end":{"line":28,"column":5}},{"start":{"line":26,"column":4},"end":{"line":28,"column":5}}],"line":26}},"s":{"0":8,"1":8,"2":2,"3":1,"4":1,"5":2,"6":2,"7":2,"8":2,"9":2,"10":1,"11":1},"f":{"0":8,"1":8,"2":2,"3":2,"4":2},"b":{"0":[1,1],"1":[1,1]},"_coverageSchema":"43e27e138ebf9cfc5966b082cf9a028302ed4184","hash":"28da66d93f7a2aadd8b65b00be9cffcc98d85829"}
}
