TN:
SF:C:\Users\ZackC\OneDrive\Desktop\Epicodus-projects\BuildingGraphs\src\graph.js
FN:2,(anonymous_0)
FN:6,(anonymous_1)
FN:11,(anonymous_2)
FN:18,(anonymous_3)
FN:25,(anonymous_4)
FN:32,(anonymous_5)
FN:37,(anonymous_6)
FN:40,(anonymous_7)
FNF:8
FNH:8
FNDA:9,(anonymous_0)
FNDA:11,(anonymous_1)
FNDA:3,(anonymous_2)
FNDA:4,(anonymous_3)
FNDA:5,(anonymous_4)
FNDA:1,(anonymous_5)
FNDA:1,(anonymous_6)
FNDA:2,(anonymous_7)
DA:3,9
DA:8,11
DA:12,3
DA:13,1
DA:15,2
DA:19,4
DA:20,4
DA:21,4
DA:22,4
DA:26,5
DA:27,1
DA:29,4
DA:33,1
DA:34,1
DA:39,1
DA:40,1
DA:41,2
DA:43,1
LF:18
LH:18
BRDA:12,0,0,1
BRDA:12,0,1,2
BRDA:26,1,0,1
BRDA:26,1,1,4
BRDA:39,2,0,1
BRDA:39,2,1,0
BRF:6
BRH:5
end_of_record
