TN:
SF:C:\Users\ZackC\OneDrive\Desktop\Epicodus-projects\BuildingGraphs\src\graph.js
FN:2,(anonymous_0)
FN:6,(anonymous_1)
FN:11,(anonymous_2)
FN:18,(anonymous_3)
FN:25,(anonymous_4)
FN:32,(anonymous_5)
FNF:6
FNH:6
FNDA:9,(anonymous_0)
FNDA:11,(anonymous_1)
FNDA:2,(anonymous_2)
FNDA:4,(anonymous_3)
FNDA:3,(anonymous_4)
FNDA:2,(anonymous_5)
DA:3,9
DA:8,11
DA:12,2
DA:13,1
DA:15,1
DA:19,4
DA:20,4
DA:21,4
DA:22,4
DA:26,3
DA:27,1
DA:29,2
DA:33,2
DA:34,2
LF:14
LH:14
BRDA:12,0,0,1
BRDA:12,0,1,1
BRDA:26,1,0,1
BRDA:26,1,1,2
BRF:4
BRH:4
end_of_record
